<?xml version="1.0" encoding="UTF-8"?>
<!-- Generated by org.testng.reporters.JUnitReportReporter -->
<testsuite hostname="DESKTOP-5BKKI8L" failures="0" tests="2" name="com.allianz.test.LoginUITestPractise" time="21.209" errors="0" timestamp="2024-04-15T14:46:50 PDT" skipped="0">
  <testcase classname="com.allianz.test.LoginUITestPractise" name="applicationDescriptioTest" time="11.165"/>
  <testcase classname="com.allianz.test.LoginUITestPractise" name="titleTest" time="10.044"/>
</testsuite> <!-- com.allianz.test.LoginUITestPractise -->
