<?xml version="1.0" encoding="UTF-8"?>
<!-- Generated by org.testng.reporters.JUnitReportReporter -->
<testsuite hostname="DESKTOP-5BKKI8L" failures="0" tests="2" name="com.allianz.test.LoginUITest" time="29.131" errors="0" timestamp="2024-04-17T08:57:11 PDT" skipped="0">
  <testcase classname="com.allianz.test.LoginUITest" name="applicationDescriptioTest" time="15.896"/>
  <testcase classname="com.allianz.test.LoginUITest" name="titleTest" time="13.235"/>
</testsuite> <!-- com.allianz.test.LoginUITest -->
