<?xml version="1.0" encoding="UTF-8"?>
<!-- Generated by org.testng.reporters.JUnitReportReporter -->
<testsuite hostname="DESKTOP-5BKKI8L" failures="0" tests="2" name="com.allianz.test.LoginUITest" time="20.273" errors="0" timestamp="2024-04-15T14:03:59 PDT" skipped="0">
  <testcase classname="com.allianz.test.LoginUITest" name="titleTest" time="10.781"/>
  <testcase classname="com.allianz.test.LoginUITest" name="applicationDescriptioTest" time="9.492"/>
</testsuite> <!-- com.allianz.test.LoginUITest -->
